# JRE version: Java(TM) SE Runtime Environment (8.0_121-b13) (build 1.8.0_121-b13)
# Java VM: Java HotSpot(TM) 64-Bit Server VM (25.121-b13 mixed mode windows-amd64 compressed oops)
Heap:
 PSYoungGen      total 383488K, used 218285K [0x00000000e0000000, 0x00000000ffe80000, 0x0000000100000000)
  eden space 253440K, 84% used [0x00000000e0000000,0x00000000ed065470,0x00000000ef780000)
  from space 130048K, 3% used [0x00000000f7680000,0x00000000f7b460f8,0x00000000ff580000)
  to   space 130048K, 0% used [0x00000000ef780000,0x00000000ef780000,0x00000000f7680000)
 ParOldGen       total 241664K, used 65581K [0x00000000a0000000, 0x00000000aec00000, 0x00000000e0000000)
  object space 241664K, 27% used [0x00000000a0000000,0x00000000a400b718,0x00000000aec00000)
 Metaspace       used 74425K, capacity 79998K, committed 80216K, reserved 1120256K
  class space    used 9430K, capacity 10204K, committed 10328K, reserved 1048576K
GC Heap History (10 events):
Event: 3553.724 GC heap before
{Heap before GC invocations=41 (full 5):
 PSYoungGen      total 371200K, used 235648K [0x00000000e0000000, 0x0000000100000000, 0x0000000100000000)
  eden space 235520K, 100% used [0x00000000e0000000,0x00000000ee600000,0x00000000ee600000)
  from space 135680K, 0% used [0x00000000ee600000,0x00000000ee620000,0x00000000f6a80000)
  to   space 139776K, 0% used [0x00000000f7780000,0x00000000f7780000,0x0000000100000000)
 ParOldGen       total 241664K, used 65525K [0x00000000a0000000, 0x00000000aec00000, 0x00000000e0000000)
  object space 241664K, 27% used [0x00000000a0000000,0x00000000a3ffd718,0x00000000aec00000)
 Metaspace       used 73070K, capacity 77170K, committed 77912K, reserved 1118208K
  class space    used 9189K, capacity 9798K, committed 10072K, reserved 1048576K
Event: 3553.730 GC heap after
Heap after GC invocations=41 (full 5):
 PSYoungGen      total 382464K, used 4687K [0x00000000e0000000, 0x0000000100000000, 0x0000000100000000)
  eden space 242688K, 0% used [0x00000000e0000000,0x00000000e0000000,0x00000000eed00000)
  from space 139776K, 3% used [0x00000000f7780000,0x00000000f7c13d98,0x0000000100000000)
  to   space 140800K, 0% used [0x00000000eed00000,0x00000000eed00000,0x00000000f7680000)
 ParOldGen       total 241664K, used 65533K [0x00000000a0000000, 0x00000000aec00000, 0x00000000e0000000)
  object space 241664K, 27% used [0x00000000a0000000,0x00000000a3fff718,0x00000000aec00000)
 Metaspace       used 73070K, capacity 77170K, committed 77912K, reserved 1118208K
  class space    used 9189K, capacity 9798K, committed 10072K, reserved 1048576K
}
Event: 3647.340 GC heap before
{Heap before GC invocations=42 (full 5):
 PSYoungGen      total 382464K, used 247375K [0x00000000e0000000, 0x0000000100000000, 0x0000000100000000)
  eden space 242688K, 100% used [0x00000000e0000000,0x00000000eed00000,0x00000000eed00000)
  from space 139776K, 3% used [0x00000000f7780000,0x00000000f7c13d98,0x0000000100000000)
  to   space 140800K, 0% used [0x00000000eed00000,0x00000000eed00000,0x00000000f7680000)
 ParOldGen       total 241664K, used 65533K [0x00000000a0000000, 0x00000000aec00000, 0x00000000e0000000)
  object space 241664K, 27% used [0x00000000a0000000,0x00000000a3fff718,0x00000000aec00000)
 Metaspace       used 74018K, capacity 79434K, committed 79576K, reserved 1118208K
  class space    used 9387K, capacity 10136K, committed 10200K, reserved 1048576K
Event: 3647.348 GC heap after
Heap after GC invocations=42 (full 5):
 PSYoungGen      total 252416K, used 9560K [0x00000000e0000000, 0x00000000ffe00000, 0x0000000100000000)
  eden space 242688K, 0% used [0x00000000e0000000,0x00000000e0000000,0x00000000eed00000)
  from space 9728K, 98% used [0x00000000eed00000,0x00000000ef656270,0x00000000ef680000)
  to   space 139264K, 0% used [0x00000000f7600000,0x00000000f7600000,0x00000000ffe00000)
 ParOldGen       total 241664K, used 65541K [0x00000000a0000000, 0x00000000aec00000, 0x00000000e0000000)
  object space 241664K, 27% used [0x00000000a0000000,0x00000000a4001718,0x00000000aec00000)
 Metaspace       used 74018K, capacity 79434K, committed 79576K, reserved 1118208K
  class space    used 9387K, capacity 10136K, committed 10200K, reserved 1048576K
}
Event: 3648.305 GC heap before
{Heap before GC invocations=43 (full 5):
 PSYoungGen      total 252416K, used 252248K [0x00000000e0000000, 0x00000000ffe00000, 0x0000000100000000)
  eden space 242688K, 100% used [0x00000000e0000000,0x00000000eed00000,0x00000000eed00000)
  from space 9728K, 98% used [0x00000000eed00000,0x00000000ef656270,0x00000000ef680000)
  to   space 139264K, 0% used [0x00000000f7600000,0x00000000f7600000,0x00000000ffe00000)
 ParOldGen       total 241664K, used 65541K [0x00000000a0000000, 0x00000000aec00000, 0x00000000e0000000)
  object space 241664K, 27% used [0x00000000a0000000,0x00000000a4001718,0x00000000aec00000)
 Metaspace       used 74132K, capacity 79478K, committed 79576K, reserved 1118208K
  class space    used 9401K, capacity 10172K, committed 10200K, reserved 1048576K
Event: 3648.345 GC heap after
Heap after GC invocations=43 (full 5):
 PSYoungGen      total 390656K, used 42578K [0x00000000e0000000, 0x0000000100000000, 0x0000000100000000)
  eden space 251392K, 0% used [0x00000000e0000000,0x00000000e0000000,0x00000000ef580000)
  from space 139264K, 30% used [0x00000000f7600000,0x00000000f9f94b98,0x00000000ffe00000)
  to   space 131584K, 0% used [0x00000000ef580000,0x00000000ef580000,0x00000000f7600000)
 ParOldGen       total 241664K, used 65549K [0x00000000a0000000, 0x00000000aec00000, 0x00000000e0000000)
  object space 241664K, 27% used [0x00000000a0000000,0x00000000a4003718,0x00000000aec00000)
 Metaspace       used 74132K, capacity 79478K, committed 79576K, reserved 1118208K
  class space    used 9401K, capacity 10172K, committed 10200K, reserved 1048576K
}
Event: 3648.605 GC heap before
{Heap before GC invocations=44 (full 5):
 PSYoungGen      total 390656K, used 293970K [0x00000000e0000000, 0x0000000100000000, 0x0000000100000000)
  eden space 251392K, 100% used [0x00000000e0000000,0x00000000ef580000,0x00000000ef580000)
  from space 139264K, 30% used [0x00000000f7600000,0x00000000f9f94b98,0x00000000ffe00000)
  to   space 131584K, 0% used [0x00000000ef580000,0x00000000ef580000,0x00000000f7600000)
 ParOldGen       total 241664K, used 65549K [0x00000000a0000000, 0x00000000aec00000, 0x00000000e0000000)
  object space 241664K, 27% used [0x00000000a0000000,0x00000000a4003718,0x00000000aec00000)
 Metaspace       used 74132K, capacity 79478K, committed 79576K, reserved 1118208K
  class space    used 9401K, capacity 10172K, committed 10200K, reserved 1048576K
Event: 3648.643 GC heap after
Heap after GC invocations=44 (full 5):
 PSYoungGen      total 382976K, used 67201K [0x00000000e0000000, 0x00000000ff580000, 0x0000000100000000)
  eden space 251392K, 0% used [0x00000000e0000000,0x00000000e0000000,0x00000000ef580000)
  from space 131584K, 51% used [0x00000000ef580000,0x00000000f37204b0,0x00000000f7600000)
  to   space 130048K, 0% used [0x00000000f7680000,0x00000000f7680000,0x00000000ff580000)
 ParOldGen       total 241664K, used 65549K [0x00000000a0000000, 0x00000000aec00000, 0x00000000e0000000)
  object space 241664K, 27% used [0x00000000a0000000,0x00000000a4003718,0x00000000aec00000)
 Metaspace       used 74132K, capacity 79478K, committed 79576K, reserved 1118208K
  class space    used 9401K, capacity 10172K, committed 10200K, reserved 1048576K
}
Event: 3762.580 GC heap before
{Heap before GC invocations=45 (full 5):
 PSYoungGen      total 382976K, used 318593K [0x00000000e0000000, 0x00000000ff580000, 0x0000000100000000)
  eden space 251392K, 100% used [0x00000000e0000000,0x00000000ef580000,0x00000000ef580000)
  from space 131584K, 51% used [0x00000000ef580000,0x00000000f37204b0,0x00000000f7600000)
  to   space 130048K, 0% used [0x00000000f7680000,0x00000000f7680000,0x00000000ff580000)
 ParOldGen       total 241664K, used 65549K [0x00000000a0000000, 0x00000000aec00000, 0x00000000e0000000)
  object space 241664K, 27% used [0x00000000a0000000,0x00000000a4003718,0x00000000aec00000)
 Metaspace       used 74218K, capacity 79634K, committed 79832K, reserved 1118208K
  class space    used 9409K, capacity 10180K, committed 10200K, reserved 1048576K
Event: 3762.587 GC heap after
Heap after GC invocations=45 (full 5):
 PSYoungGen      total 383488K, used 4888K [0x00000000e0000000, 0x00000000ffe80000, 0x0000000100000000)
  eden space 253440K, 0% used [0x00000000e0000000,0x00000000e0000000,0x00000000ef780000)
  from space 130048K, 3% used [0x00000000f7680000,0x00000000f7b460f8,0x00000000ff580000)
  to   space 130048K, 0% used [0x00000000ef780000,0x00000000ef780000,0x00000000f7680000)
 ParOldGen       total 241664K, used 65581K [0x00000000a0000000, 0x00000000aec00000, 0x00000000e0000000)
  object space 241664K, 27% used [0x00000000a0000000,0x00000000a400b718,0x00000000aec00000)
 Metaspace       used 74218K, capacity 79634K, committed 79832K, reserved 1118208K
  class space    used 9409K, capacity 10180K, committed 10200K, reserved 1048576K
}

