# JRE version: Java(TM) SE Runtime Environment (8.0_121-b13) (build 1.8.0_121-b13)
# Java VM: Java HotSpot(TM) 64-Bit Server VM (25.121-b13 mixed mode windows-amd64 compressed oops)
Heap:
 PSYoungGen      total 250880K, used 161071K [0x00000000e0000000, 0x00000000f4180000, 0x0000000100000000)
  eden space 225280K, 71% used [0x00000000e0000000,0x00000000e9d4bc98,0x00000000edc00000)
  from space 25600K, 0% used [0x00000000edc00000,0x00000000edc00000,0x00000000ef500000)
  to   space 27136K, 0% used [0x00000000f2700000,0x00000000f2700000,0x00000000f4180000)
 ParOldGen       total 189952K, used 125478K [0x00000000a0000000, 0x00000000ab980000, 0x00000000e0000000)
  object space 189952K, 66% used [0x00000000a0000000,0x00000000a7a89bc8,0x00000000ab980000)
 Metaspace       used 64525K, capacity 67381K, committed 67752K, reserved 1107968K
  class space    used 8631K, capacity 9232K, committed 9392K, reserved 1048576K
GC Heap History (10 events):
Event: 1173.265 GC heap before
{Heap before GC invocations=19 (full 3):
 PSYoungGen      total 250880K, used 250851K [0x00000000e0000000, 0x00000000f4180000, 0x0000000100000000)
  eden space 225280K, 100% used [0x00000000e0000000,0x00000000edc00000,0x00000000edc00000)
  from space 25600K, 99% used [0x00000000edc00000,0x00000000ef4f8c80,0x00000000ef500000)
  to   space 27136K, 0% used [0x00000000f2700000,0x00000000f2700000,0x00000000f4180000)
 ParOldGen       total 164352K, used 121324K [0x00000000a0000000, 0x00000000aa080000, 0x00000000e0000000)
  object space 164352K, 73% used [0x00000000a0000000,0x00000000a767b2d0,0x00000000aa080000)
 Metaspace       used 64320K, capacity 67239K, committed 67496K, reserved 1107968K
  class space    used 8640K, capacity 9268K, committed 9392K, reserved 1048576K
Event: 1173.339 GC heap after
Heap after GC invocations=19 (full 3):
 PSYoungGen      total 252416K, used 27129K [0x00000000e0000000, 0x00000000f4180000, 0x0000000100000000)
  eden space 225280K, 0% used [0x00000000e0000000,0x00000000e0000000,0x00000000edc00000)
  from space 27136K, 99% used [0x00000000f2700000,0x00000000f417e670,0x00000000f4180000)
  to   space 25600K, 0% used [0x00000000edc00000,0x00000000edc00000,0x00000000ef500000)
 ParOldGen       total 189952K, used 189005K [0x00000000a0000000, 0x00000000ab980000, 0x00000000e0000000)
  object space 189952K, 99% used [0x00000000a0000000,0x00000000ab8936a8,0x00000000ab980000)
 Metaspace       used 64320K, capacity 67239K, committed 67496K, reserved 1107968K
  class space    used 8640K, capacity 9268K, committed 9392K, reserved 1048576K
}
Event: 1173.339 GC heap before
{Heap before GC invocations=20 (full 4):
 PSYoungGen      total 252416K, used 27129K [0x00000000e0000000, 0x00000000f4180000, 0x0000000100000000)
  eden space 225280K, 0% used [0x00000000e0000000,0x00000000e0000000,0x00000000edc00000)
  from space 27136K, 99% used [0x00000000f2700000,0x00000000f417e670,0x00000000f4180000)
  to   space 25600K, 0% used [0x00000000edc00000,0x00000000edc00000,0x00000000ef500000)
 ParOldGen       total 189952K, used 189005K [0x00000000a0000000, 0x00000000ab980000, 0x00000000e0000000)
  object space 189952K, 99% used [0x00000000a0000000,0x00000000ab8936a8,0x00000000ab980000)
 Metaspace       used 64320K, capacity 67239K, committed 67496K, reserved 1107968K
  class space    used 8640K, capacity 9268K, committed 9392K, reserved 1048576K
Event: 1173.720 GC heap after
Heap after GC invocations=20 (full 4):
 PSYoungGen      total 252416K, used 0K [0x00000000e0000000, 0x00000000f4180000, 0x0000000100000000)
  eden space 225280K, 0% used [0x00000000e0000000,0x00000000e0000000,0x00000000edc00000)
  from space 27136K, 0% used [0x00000000f2700000,0x00000000f2700000,0x00000000f4180000)
  to   space 25600K, 0% used [0x00000000edc00000,0x00000000edc00000,0x00000000ef500000)
 ParOldGen       total 189952K, used 141158K [0x00000000a0000000, 0x00000000ab980000, 0x00000000e0000000)
  object space 189952K, 74% used [0x00000000a0000000,0x00000000a89d98b0,0x00000000ab980000)
 Metaspace       used 64103K, capacity 66933K, committed 67496K, reserved 1107968K
  class space    used 8624K, capacity 9232K, committed 9392K, reserved 1048576K
}
Event: 1174.700 GC heap before
{Heap before GC invocations=21 (full 5):
 PSYoungGen      total 252416K, used 225280K [0x00000000e0000000, 0x00000000f4180000, 0x0000000100000000)
  eden space 225280K, 100% used [0x00000000e0000000,0x00000000edc00000,0x00000000edc00000)
  from space 27136K, 0% used [0x00000000f2700000,0x00000000f2700000,0x00000000f4180000)
  to   space 25600K, 0% used [0x00000000edc00000,0x00000000edc00000,0x00000000ef500000)
 ParOldGen       total 189952K, used 141158K [0x00000000a0000000, 0x00000000ab980000, 0x00000000e0000000)
  object space 189952K, 74% used [0x00000000a0000000,0x00000000a89d98b0,0x00000000ab980000)
 Metaspace       used 64341K, capacity 67189K, committed 67496K, reserved 1107968K
  class space    used 8627K, capacity 9232K, committed 9392K, reserved 1048576K
Event: 1174.950 GC heap after
Heap after GC invocations=21 (full 5):
 PSYoungGen      total 252416K, used 0K [0x00000000e0000000, 0x00000000f4180000, 0x0000000100000000)
  eden space 225280K, 0% used [0x00000000e0000000,0x00000000e0000000,0x00000000edc00000)
  from space 27136K, 0% used [0x00000000f2700000,0x00000000f2700000,0x00000000f4180000)
  to   space 25600K, 0% used [0x00000000edc00000,0x00000000edc00000,0x00000000ef500000)
 ParOldGen       total 189952K, used 131116K [0x00000000a0000000, 0x00000000ab980000, 0x00000000e0000000)
  object space 189952K, 69% used [0x00000000a0000000,0x00000000a800b3b0,0x00000000ab980000)
 Metaspace       used 64341K, capacity 67189K, committed 67496K, reserved 1107968K
  class space    used 8627K, capacity 9232K, committed 9392K, reserved 1048576K
}
Event: 1175.376 GC heap before
{Heap before GC invocations=22 (full 5):
 PSYoungGen      total 252416K, used 225280K [0x00000000e0000000, 0x00000000f4180000, 0x0000000100000000)
  eden space 225280K, 100% used [0x00000000e0000000,0x00000000edc00000,0x00000000edc00000)
  from space 27136K, 0% used [0x00000000f2700000,0x00000000f2700000,0x00000000f4180000)
  to   space 25600K, 0% used [0x00000000edc00000,0x00000000edc00000,0x00000000ef500000)
 ParOldGen       total 189952K, used 131116K [0x00000000a0000000, 0x00000000ab980000, 0x00000000e0000000)
  object space 189952K, 69% used [0x00000000a0000000,0x00000000a800b3b0,0x00000000ab980000)
 Metaspace       used 64402K, capacity 67189K, committed 67496K, reserved 1107968K
  class space    used 8628K, capacity 9232K, committed 9392K, reserved 1048576K
Event: 1175.411 GC heap after
Heap after GC invocations=22 (full 5):
 PSYoungGen      total 250880K, used 25570K [0x00000000e0000000, 0x00000000f4180000, 0x0000000100000000)
  eden space 225280K, 0% used [0x00000000e0000000,0x00000000e0000000,0x00000000edc00000)
  from space 25600K, 99% used [0x00000000edc00000,0x00000000ef4f88e0,0x00000000ef500000)
  to   space 27136K, 0% used [0x00000000f2700000,0x00000000f2700000,0x00000000f4180000)
 ParOldGen       total 189952K, used 146296K [0x00000000a0000000, 0x00000000ab980000, 0x00000000e0000000)
  object space 189952K, 77% used [0x00000000a0000000,0x00000000a8ede160,0x00000000ab980000)
 Metaspace       used 64402K, capacity 67189K, committed 67496K, reserved 1107968K
  class space    used 8628K, capacity 9232K, committed 9392K, reserved 1048576K
}
Event: 1175.411 GC heap before
{Heap before GC invocations=23 (full 6):
 PSYoungGen      total 250880K, used 25570K [0x00000000e0000000, 0x00000000f4180000, 0x0000000100000000)
  eden space 225280K, 0% used [0x00000000e0000000,0x00000000e0000000,0x00000000edc00000)
  from space 25600K, 99% used [0x00000000edc00000,0x00000000ef4f88e0,0x00000000ef500000)
  to   space 27136K, 0% used [0x00000000f2700000,0x00000000f2700000,0x00000000f4180000)
 ParOldGen       total 189952K, used 146296K [0x00000000a0000000, 0x00000000ab980000, 0x00000000e0000000)
  object space 189952K, 77% used [0x00000000a0000000,0x00000000a8ede160,0x00000000ab980000)
 Metaspace       used 64402K, capacity 67189K, committed 67496K, reserved 1107968K
  class space    used 8628K, capacity 9232K, committed 9392K, reserved 1048576K
Event: 1175.592 GC heap after
Heap after GC invocations=23 (full 6):
 PSYoungGen      total 250880K, used 0K [0x00000000e0000000, 0x00000000f4180000, 0x0000000100000000)
  eden space 225280K, 0% used [0x00000000e0000000,0x00000000e0000000,0x00000000edc00000)
  from space 25600K, 0% used [0x00000000edc00000,0x00000000edc00000,0x00000000ef500000)
  to   space 27136K, 0% used [0x00000000f2700000,0x00000000f2700000,0x00000000f4180000)
 ParOldGen       total 189952K, used 125478K [0x00000000a0000000, 0x00000000ab980000, 0x00000000e0000000)
  object space 189952K, 66% used [0x00000000a0000000,0x00000000a7a89bc8,0x00000000ab980000)
 Metaspace       used 64402K, capacity 67189K, committed 67496K, reserved 1107968K
  class space    used 8628K, capacity 9232K, committed 9392K, reserved 1048576K
}

