# JRE version: Java(TM) SE Runtime Environment (8.0_121-b13) (build 1.8.0_121-b13)
# Java VM: Java HotSpot(TM) 64-Bit Server VM (25.121-b13 mixed mode windows-amd64 compressed oops)
Heap:
 PSYoungGen      total 381952K, used 254843K [0x00000000e0000000, 0x0000000100000000, 0x0000000100000000)
  eden space 239616K, 73% used [0x00000000e0000000,0x00000000eacf1d48,0x00000000eea00000)
  from space 142336K, 54% used [0x00000000eea00000,0x00000000f35ed118,0x00000000f7500000)
  to   space 142336K, 0% used [0x00000000f7500000,0x00000000f7500000,0x0000000100000000)
 ParOldGen       total 321536K, used 209840K [0x00000000a0000000, 0x00000000b3a00000, 0x00000000e0000000)
  object space 321536K, 65% used [0x00000000a0000000,0x00000000accec018,0x00000000b3a00000)
 Metaspace       used 72495K, capacity 75972K, committed 76120K, reserved 1116160K
  class space    used 9131K, capacity 9754K, committed 9816K, reserved 1048576K
GC Heap History (10 events):
Event: 500.726 GC heap before
{Heap before GC invocations=34 (full 5):
 PSYoungGen      total 418816K, used 410210K [0x00000000e0000000, 0x0000000100000000, 0x0000000100000000)
  eden space 336896K, 100% used [0x00000000e0000000,0x00000000f4900000,0x00000000f4900000)
  from space 81920K, 89% used [0x00000000fa700000,0x00000000fee98828,0x00000000ff700000)
  to   space 93696K, 0% used [0x00000000f4900000,0x00000000f4900000,0x00000000fa480000)
 ParOldGen       total 321536K, used 136193K [0x00000000a0000000, 0x00000000b3a00000, 0x00000000e0000000)
  object space 321536K, 42% used [0x00000000a0000000,0x00000000a8500720,0x00000000b3a00000)
 Metaspace       used 71988K, capacity 75290K, committed 75480K, reserved 1116160K
  class space    used 9075K, capacity 9681K, committed 9688K, reserved 1048576K
Event: 500.781 GC heap after
Heap after GC invocations=34 (full 5):
 PSYoungGen      total 430592K, used 93694K [0x00000000e0000000, 0x0000000100000000, 0x0000000100000000)
  eden space 336896K, 0% used [0x00000000e0000000,0x00000000e0000000,0x00000000f4900000)
  from space 93696K, 99% used [0x00000000f4900000,0x00000000fa47f908,0x00000000fa480000)
  to   space 93696K, 0% used [0x00000000fa480000,0x00000000fa480000,0x0000000100000000)
 ParOldGen       total 321536K, used 138507K [0x00000000a0000000, 0x00000000b3a00000, 0x00000000e0000000)
  object space 321536K, 43% used [0x00000000a0000000,0x00000000a8742db8,0x00000000b3a00000)
 Metaspace       used 71988K, capacity 75290K, committed 75480K, reserved 1116160K
  class space    used 9075K, capacity 9681K, committed 9688K, reserved 1048576K
}
Event: 501.386 GC heap before
{Heap before GC invocations=35 (full 5):
 PSYoungGen      total 430592K, used 430590K [0x00000000e0000000, 0x0000000100000000, 0x0000000100000000)
  eden space 336896K, 100% used [0x00000000e0000000,0x00000000f4900000,0x00000000f4900000)
  from space 93696K, 99% used [0x00000000f4900000,0x00000000fa47f908,0x00000000fa480000)
  to   space 93696K, 0% used [0x00000000fa480000,0x00000000fa480000,0x0000000100000000)
 ParOldGen       total 321536K, used 138507K [0x00000000a0000000, 0x00000000b3a00000, 0x00000000e0000000)
  object space 321536K, 43% used [0x00000000a0000000,0x00000000a8742db8,0x00000000b3a00000)
 Metaspace       used 71995K, capacity 75290K, committed 75480K, reserved 1116160K
  class space    used 9075K, capacity 9681K, committed 9688K, reserved 1048576K
Event: 501.461 GC heap after
Heap after GC invocations=35 (full 5):
 PSYoungGen      total 343552K, used 93690K [0x00000000e0000000, 0x0000000100000000, 0x0000000100000000)
  eden space 249856K, 0% used [0x00000000e0000000,0x00000000e0000000,0x00000000ef400000)
  from space 93696K, 99% used [0x00000000fa480000,0x00000000ffffe9a8,0x0000000100000000)
  to   space 137216K, 0% used [0x00000000ef400000,0x00000000ef400000,0x00000000f7a00000)
 ParOldGen       total 321536K, used 171942K [0x00000000a0000000, 0x00000000b3a00000, 0x00000000e0000000)
  object space 321536K, 53% used [0x00000000a0000000,0x00000000aa7e9808,0x00000000b3a00000)
 Metaspace       used 71995K, capacity 75290K, committed 75480K, reserved 1116160K
  class space    used 9075K, capacity 9681K, committed 9688K, reserved 1048576K
}
Event: 501.871 GC heap before
{Heap before GC invocations=36 (full 5):
 PSYoungGen      total 343552K, used 343546K [0x00000000e0000000, 0x0000000100000000, 0x0000000100000000)
  eden space 249856K, 100% used [0x00000000e0000000,0x00000000ef400000,0x00000000ef400000)
  from space 93696K, 99% used [0x00000000fa480000,0x00000000ffffe9a8,0x0000000100000000)
  to   space 137216K, 0% used [0x00000000ef400000,0x00000000ef400000,0x00000000f7a00000)
 ParOldGen       total 321536K, used 171942K [0x00000000a0000000, 0x00000000b3a00000, 0x00000000e0000000)
  object space 321536K, 53% used [0x00000000a0000000,0x00000000aa7e9808,0x00000000b3a00000)
 Metaspace       used 72011K, capacity 75290K, committed 75480K, reserved 1116160K
  class space    used 9075K, capacity 9681K, committed 9688K, reserved 1048576K
Event: 501.926 GC heap after
Heap after GC invocations=36 (full 5):
 PSYoungGen      total 331264K, used 80897K [0x00000000e0000000, 0x0000000100000000, 0x0000000100000000)
  eden space 249856K, 0% used [0x00000000e0000000,0x00000000e0000000,0x00000000ef400000)
  from space 81408K, 99% used [0x00000000ef400000,0x00000000f4300600,0x00000000f4380000)
  to   space 140800K, 0% used [0x00000000f7680000,0x00000000f7680000,0x0000000100000000)
 ParOldGen       total 321536K, used 180626K [0x00000000a0000000, 0x00000000b3a00000, 0x00000000e0000000)
  object space 321536K, 56% used [0x00000000a0000000,0x00000000ab0649b8,0x00000000b3a00000)
 Metaspace       used 72011K, capacity 75290K, committed 75480K, reserved 1116160K
  class space    used 9075K, capacity 9681K, committed 9688K, reserved 1048576K
}
Event: 502.208 GC heap before
{Heap before GC invocations=37 (full 5):
 PSYoungGen      total 331264K, used 330753K [0x00000000e0000000, 0x0000000100000000, 0x0000000100000000)
  eden space 249856K, 100% used [0x00000000e0000000,0x00000000ef400000,0x00000000ef400000)
  from space 81408K, 99% used [0x00000000ef400000,0x00000000f4300600,0x00000000f4380000)
  to   space 140800K, 0% used [0x00000000f7680000,0x00000000f7680000,0x0000000100000000)
 ParOldGen       total 321536K, used 180626K [0x00000000a0000000, 0x00000000b3a00000, 0x00000000e0000000)
  object space 321536K, 56% used [0x00000000a0000000,0x00000000ab0649b8,0x00000000b3a00000)
 Metaspace       used 72014K, capacity 75290K, committed 75480K, reserved 1116160K
  class space    used 9075K, capacity 9681K, committed 9688K, reserved 1048576K
Event: 502.261 GC heap after
Heap after GC invocations=37 (full 5):
 PSYoungGen      total 380416K, used 77742K [0x00000000e0000000, 0x0000000100000000, 0x0000000100000000)
  eden space 239616K, 0% used [0x00000000e0000000,0x00000000e0000000,0x00000000eea00000)
  from space 140800K, 55% used [0x00000000f7680000,0x00000000fc26b968,0x0000000100000000)
  to   space 142336K, 0% used [0x00000000eea00000,0x00000000eea00000,0x00000000f7500000)
 ParOldGen       total 321536K, used 188124K [0x00000000a0000000, 0x00000000b3a00000, 0x00000000e0000000)
  object space 321536K, 58% used [0x00000000a0000000,0x00000000ab7b72c0,0x00000000b3a00000)
 Metaspace       used 72014K, capacity 75290K, committed 75480K, reserved 1116160K
  class space    used 9075K, capacity 9681K, committed 9688K, reserved 1048576K
}
Event: 502.767 GC heap before
{Heap before GC invocations=38 (full 5):
 PSYoungGen      total 380416K, used 317358K [0x00000000e0000000, 0x0000000100000000, 0x0000000100000000)
  eden space 239616K, 100% used [0x00000000e0000000,0x00000000eea00000,0x00000000eea00000)
  from space 140800K, 55% used [0x00000000f7680000,0x00000000fc26b968,0x0000000100000000)
  to   space 142336K, 0% used [0x00000000eea00000,0x00000000eea00000,0x00000000f7500000)
 ParOldGen       total 321536K, used 188124K [0x00000000a0000000, 0x00000000b3a00000, 0x00000000e0000000)
  object space 321536K, 58% used [0x00000000a0000000,0x00000000ab7b72c0,0x00000000b3a00000)
 Metaspace       used 72019K, capacity 75290K, committed 75480K, reserved 1116160K
  class space    used 9075K, capacity 9681K, committed 9688K, reserved 1048576K
Event: 502.823 GC heap after
Heap after GC invocations=38 (full 5):
 PSYoungGen      total 381952K, used 77748K [0x00000000e0000000, 0x0000000100000000, 0x0000000100000000)
  eden space 239616K, 0% used [0x00000000e0000000,0x00000000e0000000,0x00000000eea00000)
  from space 142336K, 54% used [0x00000000eea00000,0x00000000f35ed118,0x00000000f7500000)
  to   space 142336K, 0% used [0x00000000f7500000,0x00000000f7500000,0x0000000100000000)
 ParOldGen       total 321536K, used 209840K [0x00000000a0000000, 0x00000000b3a00000, 0x00000000e0000000)
  object space 321536K, 65% used [0x00000000a0000000,0x00000000accec018,0x00000000b3a00000)
 Metaspace       used 72019K, capacity 75290K, committed 75480K, reserved 1116160K
  class space    used 9075K, capacity 9681K, committed 9688K, reserved 1048576K
}

